2023-05-24 14:08:24.571  INFO 13604 --- [restartedMain] com.rbp.movieapp.MovieappApplication     : Starting MovieappApplication using Java 11.0.9.1 on LTIN369484 with PID 13604 (C:\Users\2106850\Downloads\MovieBookingApplication-master\MovieBookingApplication-master\movieapp\target\classes started by 2106850 in C:\Users\2106850\Downloads\MovieBookingApplication-master\MovieBookingApplication-master\movieapp)
2023-05-24 14:08:24.589 DEBUG 13604 --- [restartedMain] com.rbp.movieapp.MovieappApplication     : Running with Spring Boot v2.7.10, Spring v5.3.26
2023-05-24 14:08:24.590  INFO 13604 --- [restartedMain] com.rbp.movieapp.MovieappApplication     : No active profile set, falling back to 1 default profile: "default"
2023-05-24 14:08:24.726  INFO 13604 --- [restartedMain] .e.DevToolsPropertyDefaultsPostProcessor : Devtools property defaults active! Set 'spring.devtools.add-properties' to 'false' to disable
2023-05-24 14:08:24.726  INFO 13604 --- [restartedMain] .e.DevToolsPropertyDefaultsPostProcessor : For additional web related logging consider setting the 'logging.level.web' property to 'DEBUG'
2023-05-24 14:08:26.306  INFO 13604 --- [restartedMain] .s.d.r.c.RepositoryConfigurationDelegate : Bootstrapping Spring Data MongoDB repositories in DEFAULT mode.
2023-05-24 14:08:26.411  INFO 13604 --- [restartedMain] .s.d.r.c.RepositoryConfigurationDelegate : Finished Spring Data repository scanning in 95 ms. Found 4 MongoDB repository interfaces.
2023-05-24 14:08:27.514  INFO 13604 --- [restartedMain] o.s.b.w.embedded.tomcat.TomcatWebServer  : Tomcat initialized with port(s): 8080 (http)
2023-05-24 14:08:27.529  INFO 13604 --- [restartedMain] o.apache.catalina.core.StandardService   : Starting service [Tomcat]
2023-05-24 14:08:27.529  INFO 13604 --- [restartedMain] org.apache.catalina.core.StandardEngine  : Starting Servlet engine: [Apache Tomcat/9.0.73]
2023-05-24 14:08:27.662  INFO 13604 --- [restartedMain] o.a.c.c.C.[Tomcat].[localhost].[/]       : Initializing Spring embedded WebApplicationContext
2023-05-24 14:08:27.663  INFO 13604 --- [restartedMain] w.s.c.ServletWebServerApplicationContext : Root WebApplicationContext: initialization completed in 2935 ms
2023-05-24 14:08:28.145  INFO 13604 --- [restartedMain] org.mongodb.driver.client                : MongoClient with metadata {"driver": {"name": "mongo-java-driver|sync|spring-boot", "version": "4.6.1"}, "os": {"type": "Windows", "name": "Windows 10", "architecture": "amd64", "version": "10.0"}, "platform": "Java/AdoptOpenJDK/11.0.9.1+1"} created with settings MongoClientSettings{readPreference=primary, writeConcern=WriteConcern{w=null, wTimeout=null ms, journal=null}, retryWrites=true, retryReads=true, readConcern=ReadConcern{level=null}, credential=null, streamFactoryFactory=null, commandListeners=[io.micrometer.core.instrument.binder.mongodb.MongoMetricsCommandListener@24889219], codecRegistry=ProvidersCodecRegistry{codecProviders=[ValueCodecProvider{}, BsonValueCodecProvider{}, DBRefCodecProvider{}, DBObjectCodecProvider{}, DocumentCodecProvider{}, IterableCodecProvider{}, MapCodecProvider{}, GeoJsonCodecProvider{}, GridFSFileCodecProvider{}, Jsr310CodecProvider{}, JsonObjectCodecProvider{}, BsonCodecProvider{}, EnumCodecProvider{}, com.mongodb.Jep395RecordCodecProvider@6937a569]}, clusterSettings={hosts=[localhost:27017], srvServiceName=mongodb, mode=SINGLE, requiredClusterType=UNKNOWN, requiredReplicaSetName='null', serverSelector='null', clusterListeners='[]', serverSelectionTimeout='30000 ms', localThreshold='30000 ms'}, socketSettings=SocketSettings{connectTimeoutMS=10000, readTimeoutMS=0, receiveBufferSize=0, sendBufferSize=0}, heartbeatSocketSettings=SocketSettings{connectTimeoutMS=10000, readTimeoutMS=10000, receiveBufferSize=0, sendBufferSize=0}, connectionPoolSettings=ConnectionPoolSettings{maxSize=100, minSize=0, maxWaitTimeMS=120000, maxConnectionLifeTimeMS=0, maxConnectionIdleTimeMS=0, maintenanceInitialDelayMS=0, maintenanceFrequencyMS=60000, connectionPoolListeners=[io.micrometer.core.instrument.binder.mongodb.MongoMetricsConnectionPoolListener@214cdada], maxConnecting=2}, serverSettings=ServerSettings{heartbeatFrequencyMS=10000, minHeartbeatFrequencyMS=500, serverListeners='[]', serverMonitorListeners='[]'}, sslSettings=SslSettings{enabled=false, invalidHostNameAllowed=false, context=null}, applicationName='null', compressorList=[], uuidRepresentation=JAVA_LEGACY, serverApi=null, autoEncryptionSettings=null, contextProvider=null}
2023-05-24 14:08:28.164  INFO 13604 --- [cluster-rtt-ClusterId{value='646dcd04d434350230e6c90e', description='null'}-localhost:27017] org.mongodb.driver.connection            : Opened connection [connectionId{localValue:1, serverValue:14}] to localhost:27017
2023-05-24 14:08:28.166  INFO 13604 --- [cluster-ClusterId{value='646dcd04d434350230e6c90e', description='null'}-localhost:27017] org.mongodb.driver.connection            : Opened connection [connectionId{localValue:2, serverValue:13}] to localhost:27017
2023-05-24 14:08:28.167  INFO 13604 --- [cluster-ClusterId{value='646dcd04d434350230e6c90e', description='null'}-localhost:27017] org.mongodb.driver.cluster               : Monitor thread successfully connected to server with description ServerDescription{address=localhost:27017, type=STANDALONE, state=CONNECTED, ok=true, minWireVersion=0, maxWireVersion=17, maxDocumentSize=16777216, logicalSessionTimeoutMinutes=30, roundTripTimeNanos=29558800}
2023-05-24 14:08:28.742 DEBUG 13604 --- [restartedMain] c.r.m.security.jwt.AuthTokenFilter       : Filter 'authenticationJwtTokenFilter' configured for use
2023-05-24 14:08:28.769  INFO 13604 --- [restartedMain] o.s.b.d.a.OptionalLiveReloadServer       : LiveReload server is running on port 35729
2023-05-24 14:08:30.253  INFO 13604 --- [restartedMain] o.s.b.a.e.web.EndpointLinksResolver      : Exposing 14 endpoint(s) beneath base path '/actuator'
2023-05-24 14:08:30.288  INFO 13604 --- [restartedMain] o.s.s.web.DefaultSecurityFilterChain     : Will secure any request with [org.springframework.security.web.session.DisableEncodeUrlFilter@12550ab3, org.springframework.security.web.context.request.async.WebAsyncManagerIntegrationFilter@5546b434, org.springframework.security.web.context.SecurityContextPersistenceFilter@3922821d, org.springframework.security.web.header.HeaderWriterFilter@5ae13245, org.springframework.web.filter.CorsFilter@77560006, org.springframework.security.web.authentication.logout.LogoutFilter@19a8f2b8, com.rbp.movieapp.security.jwt.AuthTokenFilter@40b52328, org.springframework.security.web.savedrequest.RequestCacheAwareFilter@7ddfb779, org.springframework.security.web.servletapi.SecurityContextHolderAwareRequestFilter@45eb3930, org.springframework.security.web.authentication.AnonymousAuthenticationFilter@3ac70832, org.springframework.security.web.session.SessionManagementFilter@5a7a9d32, org.springframework.security.web.access.ExceptionTranslationFilter@51cfccaa, org.springframework.security.web.access.intercept.FilterSecurityInterceptor@4dd140a5]
2023-05-24 14:08:30.771  INFO 13604 --- [restartedMain] o.a.k.clients.admin.AdminClientConfig    : AdminClientConfig values: 
	bootstrap.servers = [localhost:9092]
	client.dns.lookup = use_all_dns_ips
	client.id = 
	connections.max.idle.ms = 300000
	default.api.timeout.ms = 60000
	metadata.max.age.ms = 300000
	metric.reporters = []
	metrics.num.samples = 2
	metrics.recording.level = INFO
	metrics.sample.window.ms = 30000
	receive.buffer.bytes = 65536
	reconnect.backoff.max.ms = 1000
	reconnect.backoff.ms = 50
	request.timeout.ms = 30000
	retries = 2147483647
	retry.backoff.ms = 100
	sasl.client.callback.handler.class = null
	sasl.jaas.config = null
	sasl.kerberos.kinit.cmd = /usr/bin/kinit
	sasl.kerberos.min.time.before.relogin = 60000
	sasl.kerberos.service.name = null
	sasl.kerberos.ticket.renew.jitter = 0.05
	sasl.kerberos.ticket.renew.window.factor = 0.8
	sasl.login.callback.handler.class = null
	sasl.login.class = null
	sasl.login.connect.timeout.ms = null
	sasl.login.read.timeout.ms = null
	sasl.login.refresh.buffer.seconds = 300
	sasl.login.refresh.min.period.seconds = 60
	sasl.login.refresh.window.factor = 0.8
	sasl.login.refresh.window.jitter = 0.05
	sasl.login.retry.backoff.max.ms = 10000
	sasl.login.retry.backoff.ms = 100
	sasl.mechanism = GSSAPI
	sasl.oauthbearer.clock.skew.seconds = 30
	sasl.oauthbearer.expected.audience = null
	sasl.oauthbearer.expected.issuer = null
	sasl.oauthbearer.jwks.endpoint.refresh.ms = 3600000
	sasl.oauthbearer.jwks.endpoint.retry.backoff.max.ms = 10000
	sasl.oauthbearer.jwks.endpoint.retry.backoff.ms = 100
	sasl.oauthbearer.jwks.endpoint.url = null
	sasl.oauthbearer.scope.claim.name = scope
	sasl.oauthbearer.sub.claim.name = sub
	sasl.oauthbearer.token.endpoint.url = null
	security.protocol = PLAINTEXT
	security.providers = null
	send.buffer.bytes = 131072
	socket.connection.setup.timeout.max.ms = 30000
	socket.connection.setup.timeout.ms = 10000
	ssl.cipher.suites = null
	ssl.enabled.protocols = [TLSv1.2, TLSv1.3]
	ssl.endpoint.identification.algorithm = https
	ssl.engine.factory.class = null
	ssl.key.password = null
	ssl.keymanager.algorithm = SunX509
	ssl.keystore.certificate.chain = null
	ssl.keystore.key = null
	ssl.keystore.location = null
	ssl.keystore.password = null
	ssl.keystore.type = JKS
	ssl.protocol = TLSv1.3
	ssl.provider = null
	ssl.secure.random.implementation = null
	ssl.trustmanager.algorithm = PKIX
	ssl.truststore.certificates = null
	ssl.truststore.location = null
	ssl.truststore.password = null
	ssl.truststore.type = JKS

2023-05-24 14:08:30.933  INFO 13604 --- [restartedMain] o.a.kafka.common.utils.AppInfoParser     : Kafka version: 3.1.2
2023-05-24 14:08:30.934  INFO 13604 --- [restartedMain] o.a.kafka.common.utils.AppInfoParser     : Kafka commitId: f8c67dc3ae0a3265
2023-05-24 14:08:30.935  INFO 13604 --- [restartedMain] o.a.kafka.common.utils.AppInfoParser     : Kafka startTimeMs: 1684917510931
2023-05-24 14:08:31.572  INFO 13604 --- [kafka-admin-client-thread | adminclient-1] o.a.kafka.common.utils.AppInfoParser     : App info kafka.admin.client for adminclient-1 unregistered
2023-05-24 14:08:31.579  INFO 13604 --- [kafka-admin-client-thread | adminclient-1] org.apache.kafka.common.metrics.Metrics  : Metrics scheduler closed
2023-05-24 14:08:31.579  INFO 13604 --- [kafka-admin-client-thread | adminclient-1] org.apache.kafka.common.metrics.Metrics  : Closing reporter org.apache.kafka.common.metrics.JmxReporter
2023-05-24 14:08:31.580  INFO 13604 --- [kafka-admin-client-thread | adminclient-1] org.apache.kafka.common.metrics.Metrics  : Metrics reporters closed
2023-05-24 14:08:31.608  INFO 13604 --- [restartedMain] o.s.b.w.embedded.tomcat.TomcatWebServer  : Tomcat started on port(s): 8080 (http) with context path ''
2023-05-24 14:08:31.625  INFO 13604 --- [restartedMain] com.rbp.movieapp.MovieappApplication     : Started MovieappApplication in 7.669 seconds (JVM running for 8.47)
2023-05-24 14:08:31.674  INFO 13604 --- [restartedMain] org.mongodb.driver.connection            : Opened connection [connectionId{localValue:3, serverValue:15}] to localhost:27017
2023-05-24 14:13:14.587  INFO 13604 --- [http-nio-8080-exec-2] o.a.c.c.C.[Tomcat].[localhost].[/]       : Initializing Spring DispatcherServlet 'dispatcherServlet'
2023-05-24 14:13:14.589  INFO 13604 --- [http-nio-8080-exec-2] o.s.web.servlet.DispatcherServlet        : Initializing Servlet 'dispatcherServlet'
2023-05-24 14:13:14.595  INFO 13604 --- [http-nio-8080-exec-2] o.s.web.servlet.DispatcherServlet        : Completed initialization in 5 ms
2023-05-24 14:15:23.297 DEBUG 13604 --- [http-nio-8080-exec-7] c.r.movieapp.controller.MovieController  : Selvaraaj entered to book tickets
2023-05-24 14:15:23.345  INFO 13604 --- [http-nio-8080-exec-7] c.r.movieapp.controller.MovieController  : available tickets 126
2023-05-24 14:15:23.404 DEBUG 13604 --- [http-nio-8080-exec-7] c.r.movieapp.controller.MovieController  : Selvaraaj booked 4 tickets
2023-05-24 14:15:23.439  INFO 13604 --- [http-nio-8080-exec-7] o.a.k.clients.producer.ProducerConfig    : ProducerConfig values: 
	acks = -1
	batch.size = 16384
	bootstrap.servers = [localhost:9092]
	buffer.memory = 33554432
	client.dns.lookup = use_all_dns_ips
	client.id = producer-1
	compression.type = none
	connections.max.idle.ms = 540000
	delivery.timeout.ms = 120000
	enable.idempotence = true
	interceptor.classes = []
	key.serializer = class org.apache.kafka.common.serialization.StringSerializer
	linger.ms = 0
	max.block.ms = 60000
	max.in.flight.requests.per.connection = 5
	max.request.size = 1048576
	metadata.max.age.ms = 300000
	metadata.max.idle.ms = 300000
	metric.reporters = []
	metrics.num.samples = 2
	metrics.recording.level = INFO
	metrics.sample.window.ms = 30000
	partitioner.class = class org.apache.kafka.clients.producer.internals.DefaultPartitioner
	receive.buffer.bytes = 32768
	reconnect.backoff.max.ms = 1000
	reconnect.backoff.ms = 50
	request.timeout.ms = 30000
	retries = 2147483647
	retry.backoff.ms = 100
	sasl.client.callback.handler.class = null
	sasl.jaas.config = null
	sasl.kerberos.kinit.cmd = /usr/bin/kinit
	sasl.kerberos.min.time.before.relogin = 60000
	sasl.kerberos.service.name = null
	sasl.kerberos.ticket.renew.jitter = 0.05
	sasl.kerberos.ticket.renew.window.factor = 0.8
	sasl.login.callback.handler.class = null
	sasl.login.class = null
	sasl.login.connect.timeout.ms = null
	sasl.login.read.timeout.ms = null
	sasl.login.refresh.buffer.seconds = 300
	sasl.login.refresh.min.period.seconds = 60
	sasl.login.refresh.window.factor = 0.8
	sasl.login.refresh.window.jitter = 0.05
	sasl.login.retry.backoff.max.ms = 10000
	sasl.login.retry.backoff.ms = 100
	sasl.mechanism = GSSAPI
	sasl.oauthbearer.clock.skew.seconds = 30
	sasl.oauthbearer.expected.audience = null
	sasl.oauthbearer.expected.issuer = null
	sasl.oauthbearer.jwks.endpoint.refresh.ms = 3600000
	sasl.oauthbearer.jwks.endpoint.retry.backoff.max.ms = 10000
	sasl.oauthbearer.jwks.endpoint.retry.backoff.ms = 100
	sasl.oauthbearer.jwks.endpoint.url = null
	sasl.oauthbearer.scope.claim.name = scope
	sasl.oauthbearer.sub.claim.name = sub
	sasl.oauthbearer.token.endpoint.url = null
	security.protocol = PLAINTEXT
	security.providers = null
	send.buffer.bytes = 131072
	socket.connection.setup.timeout.max.ms = 30000
	socket.connection.setup.timeout.ms = 10000
	ssl.cipher.suites = null
	ssl.enabled.protocols = [TLSv1.2, TLSv1.3]
	ssl.endpoint.identification.algorithm = https
	ssl.engine.factory.class = null
	ssl.key.password = null
	ssl.keymanager.algorithm = SunX509
	ssl.keystore.certificate.chain = null
	ssl.keystore.key = null
	ssl.keystore.location = null
	ssl.keystore.password = null
	ssl.keystore.type = JKS
	ssl.protocol = TLSv1.3
	ssl.provider = null
	ssl.secure.random.implementation = null
	ssl.trustmanager.algorithm = PKIX
	ssl.truststore.certificates = null
	ssl.truststore.location = null
	ssl.truststore.password = null
	ssl.truststore.type = JKS
	transaction.timeout.ms = 60000
	transactional.id = null
	value.serializer = class org.springframework.kafka.support.serializer.JsonSerializer

2023-05-24 14:15:23.474  INFO 13604 --- [http-nio-8080-exec-7] o.a.k.clients.producer.KafkaProducer     : [Producer clientId=producer-1] Instantiated an idempotent producer.
2023-05-24 14:15:23.516  INFO 13604 --- [http-nio-8080-exec-7] o.a.kafka.common.utils.AppInfoParser     : Kafka version: 3.1.2
2023-05-24 14:15:23.517  INFO 13604 --- [http-nio-8080-exec-7] o.a.kafka.common.utils.AppInfoParser     : Kafka commitId: f8c67dc3ae0a3265
2023-05-24 14:15:23.518  INFO 13604 --- [http-nio-8080-exec-7] o.a.kafka.common.utils.AppInfoParser     : Kafka startTimeMs: 1684917923516
2023-05-24 14:15:23.541  INFO 13604 --- [kafka-producer-network-thread | producer-1] org.apache.kafka.clients.Metadata        : [Producer clientId=producer-1] Cluster ID: CaYj7ZbHTHOC3VajVfaL3g
2023-05-24 14:15:23.545  INFO 13604 --- [kafka-producer-network-thread | producer-1] o.a.k.c.p.internals.TransactionManager   : [Producer clientId=producer-1] ProducerId set to 2000 with epoch 0
2023-05-24 14:15:31.931 DEBUG 13604 --- [http-nio-8080-exec-8] c.r.movieapp.controller.MovieController  : Selvaraaj entered to book tickets
2023-05-24 14:15:31.939 DEBUG 13604 --- [http-nio-8080-exec-8] c.r.movieapp.controller.MovieController  : seat is already booked
2023-05-24 14:15:31.943  WARN 13604 --- [http-nio-8080-exec-8] .m.m.a.ExceptionHandlerExceptionResolver : Resolved [com.rbp.movieapp.exception.SeatAlreadyBooked: Seat number c1 is already booked]
2023-05-24 14:15:57.151 DEBUG 13604 --- [http-nio-8080-exec-9] c.r.movieapp.controller.MovieController  : here search a movie by its name
2023-05-24 14:15:57.155 DEBUG 13604 --- [http-nio-8080-exec-9] c.r.movieapp.controller.MovieController  : listed the available movies with title:Leo
2023-05-24 14:16:05.815 DEBUG 13604 --- [http-nio-8080-exec-10] c.r.movieapp.controller.MovieController  : here search a movie by its name
2023-05-24 14:16:05.820 DEBUG 13604 --- [http-nio-8080-exec-10] c.r.movieapp.controller.MovieController  : listed the available movies with title:T
2023-05-24 14:18:46.369 ERROR 13604 --- [http-nio-8080-exec-4] c.r.m.security.jwt.AuthEntryPointJwt     : Unauthorized error: Full authentication is required to access this resource
2023-05-24 14:24:23.620  INFO 13604 --- [kafka-producer-network-thread | producer-1] org.apache.kafka.clients.NetworkClient   : [Producer clientId=producer-1] Node -1 disconnected.
2023-05-24 17:09:12.670  INFO 13604 --- [SpringApplicationShutdownHook] o.a.k.clients.producer.KafkaProducer     : [Producer clientId=producer-1] Closing the Kafka producer with timeoutMillis = 30000 ms.
2023-05-24 17:09:12.677  INFO 13604 --- [SpringApplicationShutdownHook] org.apache.kafka.common.metrics.Metrics  : Metrics scheduler closed
2023-05-24 17:09:12.677  INFO 13604 --- [SpringApplicationShutdownHook] org.apache.kafka.common.metrics.Metrics  : Closing reporter org.apache.kafka.common.metrics.JmxReporter
2023-05-24 17:09:12.678  INFO 13604 --- [SpringApplicationShutdownHook] org.apache.kafka.common.metrics.Metrics  : Metrics reporters closed
2023-05-24 17:09:12.679  INFO 13604 --- [SpringApplicationShutdownHook] o.a.kafka.common.utils.AppInfoParser     : App info kafka.producer for producer-1 unregistered
